d:\ogura\skool\gameenginedev\efw-engine\efw-engine\intermediate\efw-engine-x64debug\vc141.pdb
d:\ogura\skool\gameenginedev\efw-engine\efw-engine\intermediate\efw-engine-x64debug\vc141.idb
d:\ogura\skool\gameenginedev\efw-engine\efw-engine\intermediate\efw-engine-x64debug\efw-engine.obj
d:\ogura\skool\gameenginedev\efw-engine\efw-engine\intermediate\efw-engine-x64debug\actor.obj
d:\ogura\skool\gameenginedev\efw-engine\efw-engine\intermediate\efw-engine-x64debug\character.obj
d:\ogura\skool\gameenginedev\efw-engine\efw-engine\intermediate\efw-engine-x64debug\actorcomponent.obj
d:\ogura\skool\gameenginedev\efw-engine\efw-engine\intermediate\efw-engine-x64debug\aisystemcomponent.obj
d:\ogura\skool\gameenginedev\efw-engine\efw-engine\intermediate\efw-engine-x64debug\collisioncomponent.obj
d:\ogura\skool\gameenginedev\efw-engine\efw-engine\intermediate\efw-engine-x64debug\inputcomponent.obj
d:\ogura\skool\gameenginedev\efw-engine\efw-engine\intermediate\efw-engine-x64debug\object.obj
d:\ogura\skool\gameenginedev\efw-engine\efw-engine\intermediate\efw-engine-x64debug\world.obj
d:\ogura\skool\gameenginedev\efw-engine\efw-engine\intermediate\efw-engine-x64debug\application.obj
d:\ogura\skool\gameenginedev\efw-engine\game\x64\debug\vc141.pdb
d:\ogura\skool\gameenginedev\efw-engine\game\x64\debug\vc140.pdb
d:\ogura\skool\gameenginedev\efw-engine\game\x64\debug\vc141.idb
d:\ogura\skool\gameenginedev\efw-engine\efw-engine\intermediate\efw-engine-x64debug\splashscreen.obj
d:\ogura\skool\gameenginedev\efw-engine\game\x64\debug\vc140.idb
d:\ogura\skool\gameenginedev\efw-engine\game\x64\debug\efw-engine.ilk
d:\ogura\skool\gameenginedev\efw-engine\game\x64\debug\efw-engine.exe
d:\ogura\skool\gameenginedev\efw-engine\game\x64\debug\efw-engine.pdb
d:\ogura\skool\gameenginedev\efw-engine\game\x64\debug\efw-engine.lib
d:\ogura\skool\gameenginedev\efw-engine\game\x64\debug\efw-engine.exp
d:\ogura\skool\gameenginedev\efw-engine\efw-engine\source\msvc\..\..\..\game\x64\debug\efw-engine.pdb
d:\ogura\skool\gameenginedev\efw-engine\efw-engine\source\msvc\..\..\..\game\x64\debug\efw-engine.exe
d:\ogura\skool\gameenginedev\efw-engine\efw-engine\source\msvc\..\..\..\game\x64\debug\efw-engine.ilk
d:\ogura\skool\gameenginedev\efw-engine\efw-engine\intermediate\efw-engine-x64debug\efw-engine.tlog\cl.read.1.tlog
d:\ogura\skool\gameenginedev\efw-engine\efw-engine\intermediate\efw-engine-x64debug\efw-engine.tlog\cl.write.1.tlog
d:\ogura\skool\gameenginedev\efw-engine\efw-engine\intermediate\efw-engine-x64debug\efw-engine.tlog\cl.command.1.tlog
d:\ogura\skool\gameenginedev\efw-engine\efw-engine\intermediate\efw-engine-x64debug\efw-engine.tlog\link.read.2.tlog
d:\ogura\skool\gameenginedev\efw-engine\efw-engine\intermediate\efw-engine-x64debug\efw-engine.tlog\link.write.1.tlog
d:\ogura\skool\gameenginedev\efw-engine\efw-engine\intermediate\efw-engine-x64debug\efw-engine.tlog\link.command.1.tlog
d:\ogura\skool\gameenginedev\efw-engine\efw-engine\intermediate\efw-engine-x64debug\efw-engine.tlog\efw-engine.write.1u.tlog
